c:\dev\philosophengineproject\philosophengine\philosophengine\vendor\yaml\bin\debug-windows-x86_64\yaml\yaml.pdb
c:\dev\philosophengineproject\philosophengine\philosophengine\vendor\yaml\bin\debug-windows-x86_64\yaml\yaml.idb
c:\dev\philosophengineproject\philosophengine\philosophengine\vendor\yaml\bin-int\debug-windows-x86_64\yaml\ostream_wrapper.obj
c:\dev\philosophengineproject\philosophengine\philosophengine\vendor\yaml\bin-int\debug-windows-x86_64\yaml\null.obj
c:\dev\philosophengineproject\philosophengine\philosophengine\vendor\yaml\bin-int\debug-windows-x86_64\yaml\nodeevents.obj
c:\dev\philosophengineproject\philosophengine\philosophengine\vendor\yaml\bin-int\debug-windows-x86_64\yaml\nodebuilder.obj
c:\dev\philosophengineproject\philosophengine\philosophengine\vendor\yaml\bin-int\debug-windows-x86_64\yaml\node_data.obj
c:\dev\philosophengineproject\philosophengine\philosophengine\vendor\yaml\bin-int\debug-windows-x86_64\yaml\node.obj
c:\dev\philosophengineproject\philosophengine\philosophengine\vendor\yaml\bin-int\debug-windows-x86_64\yaml\memory.obj
c:\dev\philosophengineproject\philosophengine\philosophengine\vendor\yaml\bin-int\debug-windows-x86_64\yaml\exp.obj
c:\dev\philosophengineproject\philosophengine\philosophengine\vendor\yaml\bin-int\debug-windows-x86_64\yaml\exceptions.obj
c:\dev\philosophengineproject\philosophengine\philosophengine\vendor\yaml\bin-int\debug-windows-x86_64\yaml\emitterutils.obj
c:\dev\philosophengineproject\philosophengine\philosophengine\vendor\yaml\bin-int\debug-windows-x86_64\yaml\emitterstate.obj
c:\dev\philosophengineproject\philosophengine\philosophengine\vendor\yaml\bin-int\debug-windows-x86_64\yaml\emitter.obj
c:\dev\philosophengineproject\philosophengine\philosophengine\vendor\yaml\bin-int\debug-windows-x86_64\yaml\emitfromevents.obj
c:\dev\philosophengineproject\philosophengine\philosophengine\vendor\yaml\bin-int\debug-windows-x86_64\yaml\emit.obj
c:\dev\philosophengineproject\philosophengine\philosophengine\vendor\yaml\bin-int\debug-windows-x86_64\yaml\directives.obj
c:\dev\philosophengineproject\philosophengine\philosophengine\vendor\yaml\bin-int\debug-windows-x86_64\yaml\depthguard.obj
c:\dev\philosophengineproject\philosophengine\philosophengine\vendor\yaml\bin-int\debug-windows-x86_64\yaml\convert.obj
c:\dev\philosophengineproject\philosophengine\philosophengine\vendor\yaml\bin-int\debug-windows-x86_64\yaml\graphbuilderadapter.obj
c:\dev\philosophengineproject\philosophengine\philosophengine\vendor\yaml\bin-int\debug-windows-x86_64\yaml\graphbuilder.obj
c:\dev\philosophengineproject\philosophengine\philosophengine\vendor\yaml\bin-int\debug-windows-x86_64\yaml\binary.obj
c:\dev\philosophengineproject\philosophengine\philosophengine\vendor\yaml\bin-int\debug-windows-x86_64\yaml\tag.obj
c:\dev\philosophengineproject\philosophengine\philosophengine\vendor\yaml\bin-int\debug-windows-x86_64\yaml\stream.obj
c:\dev\philosophengineproject\philosophengine\philosophengine\vendor\yaml\bin-int\debug-windows-x86_64\yaml\singledocparser.obj
c:\dev\philosophengineproject\philosophengine\philosophengine\vendor\yaml\bin-int\debug-windows-x86_64\yaml\simplekey.obj
c:\dev\philosophengineproject\philosophengine\philosophengine\vendor\yaml\bin-int\debug-windows-x86_64\yaml\scantoken.obj
c:\dev\philosophengineproject\philosophengine\philosophengine\vendor\yaml\bin-int\debug-windows-x86_64\yaml\scantag.obj
c:\dev\philosophengineproject\philosophengine\philosophengine\vendor\yaml\bin-int\debug-windows-x86_64\yaml\scanscalar.obj
c:\dev\philosophengineproject\philosophengine\philosophengine\vendor\yaml\bin-int\debug-windows-x86_64\yaml\scanner.obj
c:\dev\philosophengineproject\philosophengine\philosophengine\vendor\yaml\bin-int\debug-windows-x86_64\yaml\regex_yaml.obj
c:\dev\philosophengineproject\philosophengine\philosophengine\vendor\yaml\bin-int\debug-windows-x86_64\yaml\parser.obj
c:\dev\philosophengineproject\philosophengine\philosophengine\vendor\yaml\bin-int\debug-windows-x86_64\yaml\parse.obj
c:\dev\philosophengineproject\philosophengine\philosophengine\vendor\yaml\bin\debug-windows-x86_64\yaml\yaml.lib
c:\dev\philosophengineproject\philosophengine\philosophengine\vendor\yaml\bin-int\debug-windows-x86_64\yaml\yaml.tlog\cl.command.1.tlog
c:\dev\philosophengineproject\philosophengine\philosophengine\vendor\yaml\bin-int\debug-windows-x86_64\yaml\yaml.tlog\cl.read.1.tlog
c:\dev\philosophengineproject\philosophengine\philosophengine\vendor\yaml\bin-int\debug-windows-x86_64\yaml\yaml.tlog\cl.write.1.tlog
c:\dev\philosophengineproject\philosophengine\philosophengine\vendor\yaml\bin-int\debug-windows-x86_64\yaml\yaml.tlog\lib-link.read.1.tlog
c:\dev\philosophengineproject\philosophengine\philosophengine\vendor\yaml\bin-int\debug-windows-x86_64\yaml\yaml.tlog\lib-link.write.1.tlog
c:\dev\philosophengineproject\philosophengine\philosophengine\vendor\yaml\bin-int\debug-windows-x86_64\yaml\yaml.tlog\lib.command.1.tlog
